\BOOKMARK [0][-]{chapter.1}{Overview}{}
\BOOKMARK [0][-]{chapter.2}{Language Examples}{}
\BOOKMARK [1][-]{section.2.1}{Hello World}{chapter.2}
\BOOKMARK [1][-]{section.2.2}{Variables}{chapter.2}
\BOOKMARK [1][-]{section.2.3}{Flow Control}{chapter.2}
\BOOKMARK [1][-]{section.2.4}{Functions}{chapter.2}
\BOOKMARK [1][-]{section.2.5}{Arrays}{chapter.2}
\BOOKMARK [1][-]{section.2.6}{Structures}{chapter.2}
\BOOKMARK [1][-]{section.2.7}{Quick Sort}{chapter.2}
\BOOKMARK [1][-]{section.2.8}{Native Interface}{chapter.2}
\BOOKMARK [0][-]{chapter.3}{Lexical}{}
\BOOKMARK [1][-]{section.3.1}{Identifiers}{chapter.3}
\BOOKMARK [1][-]{section.3.2}{Value Constants}{chapter.3}
\BOOKMARK [1][-]{section.3.3}{Operators List}{chapter.3}
\BOOKMARK [1][-]{section.3.4}{Comments}{chapter.3}
\BOOKMARK [1][-]{section.3.5}{Keywords List}{chapter.3}
\BOOKMARK [0][-]{chapter.4}{Identifiers}{}
\BOOKMARK [0][-]{chapter.5}{Types}{}
\BOOKMARK [1][-]{section.5.1}{Primitive Types}{chapter.5}
\BOOKMARK [1][-]{section.5.2}{Reference Types}{chapter.5}
\BOOKMARK [1][-]{section.5.3}{Type Inference}{chapter.5}
\BOOKMARK [1][-]{section.5.4}{Types in the grammar}{chapter.5}
\BOOKMARK [0][-]{chapter.6}{Operators \046 Expressions}{}
\BOOKMARK [1][-]{section.6.1}{Constant Expressions}{chapter.6}
\BOOKMARK [1][-]{section.6.2}{Variable Definition}{chapter.6}
\BOOKMARK [1][-]{section.6.3}{Variable Expressions}{chapter.6}
\BOOKMARK [1][-]{section.6.4}{Array Construction}{chapter.6}
\BOOKMARK [1][-]{section.6.5}{Structure Construction}{chapter.6}
\BOOKMARK [1][-]{section.6.6}{Array Index Expression}{chapter.6}
\BOOKMARK [1][-]{section.6.7}{Structure Field Expression}{chapter.6}
\BOOKMARK [1][-]{section.6.8}{Operators}{chapter.6}
\BOOKMARK [1][-]{section.6.9}{Array Length Expression}{chapter.6}
\BOOKMARK [1][-]{section.6.10}{Parenthesis Expressions}{chapter.6}
\BOOKMARK [1][-]{section.6.11}{Function Call Expressions}{chapter.6}
\BOOKMARK [0][-]{chapter.7}{Statements}{}
\BOOKMARK [1][-]{section.7.1}{Flow Control}{chapter.7}
\BOOKMARK [1][-]{section.7.2}{Expression Statements}{chapter.7}
\BOOKMARK [1][-]{section.7.3}{Return Statements}{chapter.7}
\BOOKMARK [0][-]{chapter.8}{Functions}{}
\BOOKMARK [0][-]{chapter.9}{Packages \046 Importing}{}
\BOOKMARK [0][-]{chapter.10}{Standard Functions}{}
\BOOKMARK [0][-]{chapter*.2}{Bibliography}{}
